<?xml version="1.0" encoding="UTF-8"?>
<!DOCTYPE coverage SYSTEM "http://cobertura.sourceforge.net/xml/coverage-04.dtd">
<coverage line-rate="1" branch-rate="0" lines-covered="86" lines-valid="86" branches-covered="0" branches-valid="0" complexity="16" version="0.4" timestamp="1781989859">
  <sources>
    <source>/app/src</source>
  </sources>
  <packages>
    <package name="Models/Setting.php" line-rate="1" branch-rate="0" complexity="1">
      <classes>
        <class name="Playground\Admin\Models\Setting" filename="Models/Setting.php" line-rate="1" branch-rate="0" complexity="1">
          <methods>
            <method name="casts" signature="" line-rate="1" branch-rate="0" complexity="1">
              <lines>
                <line number="236" hits="6"/>
                <line number="237" hits="6"/>
                <line number="238" hits="6"/>
                <line number="239" hits="6"/>
                <line number="240" hits="6"/>
                <line number="241" hits="6"/>
                <line number="242" hits="6"/>
                <line number="243" hits="6"/>
                <line number="244" hits="6"/>
                <line number="245" hits="6"/>
                <line number="246" hits="6"/>
                <line number="247" hits="6"/>
                <line number="248" hits="6"/>
                <line number="249" hits="6"/>
                <line number="250" hits="6"/>
                <line number="251" hits="6"/>
                <line number="252" hits="6"/>
                <line number="253" hits="6"/>
                <line number="254" hits="6"/>
                <line number="255" hits="6"/>
                <line number="256" hits="6"/>
                <line number="257" hits="6"/>
                <line number="258" hits="6"/>
                <line number="259" hits="6"/>
                <line number="260" hits="6"/>
                <line number="261" hits="6"/>
                <line number="262" hits="6"/>
                <line number="263" hits="6"/>
                <line number="264" hits="6"/>
                <line number="265" hits="6"/>
                <line number="266" hits="6"/>
                <line number="267" hits="6"/>
                <line number="268" hits="6"/>
                <line number="269" hits="6"/>
                <line number="270" hits="6"/>
                <line number="271" hits="6"/>
                <line number="272" hits="6"/>
                <line number="273" hits="6"/>
                <line number="274" hits="6"/>
                <line number="275" hits="6"/>
                <line number="276" hits="6"/>
                <line number="277" hits="6"/>
                <line number="278" hits="6"/>
                <line number="279" hits="6"/>
                <line number="280" hits="6"/>
                <line number="281" hits="6"/>
                <line number="282" hits="6"/>
                <line number="283" hits="6"/>
                <line number="284" hits="6"/>
                <line number="285" hits="6"/>
                <line number="286" hits="6"/>
                <line number="287" hits="6"/>
                <line number="288" hits="6"/>
                <line number="289" hits="6"/>
                <line number="290" hits="6"/>
              </lines>
            </method>
          </methods>
          <lines>
            <line number="236" hits="6"/>
            <line number="237" hits="6"/>
            <line number="238" hits="6"/>
            <line number="239" hits="6"/>
            <line number="240" hits="6"/>
            <line number="241" hits="6"/>
            <line number="242" hits="6"/>
            <line number="243" hits="6"/>
            <line number="244" hits="6"/>
            <line number="245" hits="6"/>
            <line number="246" hits="6"/>
            <line number="247" hits="6"/>
            <line number="248" hits="6"/>
            <line number="249" hits="6"/>
            <line number="250" hits="6"/>
            <line number="251" hits="6"/>
            <line number="252" hits="6"/>
            <line number="253" hits="6"/>
            <line number="254" hits="6"/>
            <line number="255" hits="6"/>
            <line number="256" hits="6"/>
            <line number="257" hits="6"/>
            <line number="258" hits="6"/>
            <line number="259" hits="6"/>
            <line number="260" hits="6"/>
            <line number="261" hits="6"/>
            <line number="262" hits="6"/>
            <line number="263" hits="6"/>
            <line number="264" hits="6"/>
            <line number="265" hits="6"/>
            <line number="266" hits="6"/>
            <line number="267" hits="6"/>
            <line number="268" hits="6"/>
            <line number="269" hits="6"/>
            <line number="270" hits="6"/>
            <line number="271" hits="6"/>
            <line number="272" hits="6"/>
            <line number="273" hits="6"/>
            <line number="274" hits="6"/>
            <line number="275" hits="6"/>
            <line number="276" hits="6"/>
            <line number="277" hits="6"/>
            <line number="278" hits="6"/>
            <line number="279" hits="6"/>
            <line number="280" hits="6"/>
            <line number="281" hits="6"/>
            <line number="282" hits="6"/>
            <line number="283" hits="6"/>
            <line number="284" hits="6"/>
            <line number="285" hits="6"/>
            <line number="286" hits="6"/>
            <line number="287" hits="6"/>
            <line number="288" hits="6"/>
            <line number="289" hits="6"/>
            <line number="290" hits="6"/>
          </lines>
        </class>
      </classes>
    </package>
    <package name="ServiceProvider.php" line-rate="1" branch-rate="0" complexity="15">
      <classes>
        <class name="Playground\Admin\ServiceProvider" filename="ServiceProvider.php" line-rate="1" branch-rate="0" complexity="15">
          <methods>
            <method name="boot" signature="" line-rate="1" branch-rate="0" complexity="6">
              <lines>
                <line number="34" hits="7"/>
                <line number="36" hits="7"/>
                <line number="38" hits="7"/>
                <line number="40" hits="7"/>
                <line number="41" hits="7"/>
                <line number="42" hits="7"/>
                <line number="45" hits="7"/>
                <line number="48" hits="7"/>
                <line number="49" hits="1"/>
                <line number="54" hits="7"/>
                <line number="55" hits="7"/>
              </lines>
            </method>
            <method name="register" signature="" line-rate="1" branch-rate="0" complexity="1">
              <lines>
                <line number="64" hits="7"/>
                <line number="65" hits="7"/>
                <line number="66" hits="7"/>
                <line number="67" hits="7"/>
              </lines>
            </method>
            <method name="publishMigrations" signature="" line-rate="1" branch-rate="0" complexity="2">
              <lines>
                <line number="75" hits="7"/>
                <line number="77" hits="7"/>
                <line number="78" hits="7"/>
                <line number="79" hits="7"/>
                <line number="80" hits="7"/>
                <line number="83" hits="7"/>
              </lines>
            </method>
            <method name="about" signature="" line-rate="1" branch-rate="0" complexity="5">
              <lines>
                <line number="88" hits="7"/>
                <line number="89" hits="7"/>
                <line number="91" hits="7"/>
                <line number="93" hits="7"/>
                <line number="95" hits="7"/>
                <line number="96" hits="7"/>
                <line number="97" hits="7"/>
                <line number="98" hits="7"/>
                <line number="99" hits="7"/>
              </lines>
            </method>
            <method name="version" signature="" line-rate="1" branch-rate="0" complexity="1">
              <lines>
                <line number="104" hits="7"/>
              </lines>
            </method>
          </methods>
          <lines>
            <line number="34" hits="7"/>
            <line number="36" hits="7"/>
            <line number="38" hits="7"/>
            <line number="40" hits="7"/>
            <line number="41" hits="7"/>
            <line number="42" hits="7"/>
            <line number="45" hits="7"/>
            <line number="48" hits="7"/>
            <line number="49" hits="1"/>
            <line number="54" hits="7"/>
            <line number="55" hits="7"/>
            <line number="64" hits="7"/>
            <line number="65" hits="7"/>
            <line number="66" hits="7"/>
            <line number="67" hits="7"/>
            <line number="75" hits="7"/>
            <line number="77" hits="7"/>
            <line number="78" hits="7"/>
            <line number="79" hits="7"/>
            <line number="80" hits="7"/>
            <line number="83" hits="7"/>
            <line number="88" hits="7"/>
            <line number="89" hits="7"/>
            <line number="91" hits="7"/>
            <line number="93" hits="7"/>
            <line number="95" hits="7"/>
            <line number="96" hits="7"/>
            <line number="97" hits="7"/>
            <line number="98" hits="7"/>
            <line number="99" hits="7"/>
            <line number="104" hits="7"/>
          </lines>
        </class>
      </classes>
    </package>
  </packages>
</coverage>
